<?xml version="1.0" encoding="UTF-8"?>
<!-- Generated by org.testng.reporters.JUnitReportReporter -->
<testsuite name="Chrome.ExtentReportDemo" tests="1" time="3.261" ignored="0" failures="0" timestamp="18 Jan 2021 13:17:38 GMT" skipped="0" hostname="DESKTOP-JAHKTIJ" errors="0">
  <testcase name="loginTest" time="3.261" classname="Chrome.ExtentReportDemo"/>
</testsuite> <!-- Chrome.ExtentReportDemo -->
